# JRE version: OpenJDK Runtime Environment (8.0_202-b03) (build 1.8.0_202-release-1483-b03)
# Java VM: OpenJDK 64-Bit Server VM (25.202-b03 mixed mode windows-amd64 compressed oops)
Heap:
 PSYoungGen      total 482816K, used 325213K [0x00000000e0000000, 0x00000000fff80000, 0x0000000100000000)
  eden space 445952K, 70% used [0x00000000e0000000,0x00000000f330b6c8,0x00000000fb380000)
  from space 36864K, 29% used [0x00000000fb380000,0x00000000fbe0c020,0x00000000fd780000)
  to   space 35328K, 0% used [0x00000000fdd00000,0x00000000fdd00000,0x00000000fff80000)
 ParOldGen       total 146432K, used 49230K [0x00000000a0000000, 0x00000000a8f00000, 0x00000000e0000000)
  object space 146432K, 33% used [0x00000000a0000000,0x00000000a3013898,0x00000000a8f00000)
 Metaspace       used 95048K, capacity 101317K, committed 101336K, reserved 1136640K
  class space    used 12229K, capacity 13296K, committed 13312K, reserved 1048576K
GC Heap History (10 events):
Event: 1077.013 GC heap before
{Heap before GC invocations=15 (full 4):
 PSYoungGen      total 481280K, used 8321K [0x00000000e0000000, 0x0000000100000000, 0x0000000100000000)
  eden space 438272K, 0% used [0x00000000e0000000,0x00000000e0000000,0x00000000fac00000)
  from space 43008K, 19% used [0x00000000fac00000,0x00000000fb4204a8,0x00000000fd600000)
  to   space 41984K, 0% used [0x00000000fd700000,0x00000000fd700000,0x0000000100000000)
 ParOldGen       total 100864K, used 84247K [0x00000000a0000000, 0x00000000a6280000, 0x00000000e0000000)
  object space 100864K, 83% used [0x00000000a0000000,0x00000000a5245f28,0x00000000a6280000)
 Metaspace       used 85133K, capacity 88877K, committed 88920K, reserved 1126400K
  class space    used 11148K, capacity 11900K, committed 11904K, reserved 1048576K
Event: 1077.151 GC heap after
Heap after GC invocations=15 (full 4):
 PSYoungGen      total 481280K, used 0K [0x00000000e0000000, 0x0000000100000000, 0x0000000100000000)
  eden space 438272K, 0% used [0x00000000e0000000,0x00000000e0000000,0x00000000fac00000)
  from space 43008K, 0% used [0x00000000fac00000,0x00000000fac00000,0x00000000fd600000)
  to   space 41984K, 0% used [0x00000000fd700000,0x00000000fd700000,0x0000000100000000)
 ParOldGen       total 146432K, used 48091K [0x00000000a0000000, 0x00000000a8f00000, 0x00000000e0000000)
  object space 146432K, 32% used [0x00000000a0000000,0x00000000a2ef6cc0,0x00000000a8f00000)
 Metaspace       used 84985K, capacity 88469K, committed 88920K, reserved 1126400K
  class space    used 11096K, capacity 11810K, committed 11904K, reserved 1048576K
}
Event: 1972.651 GC heap before
{Heap before GC invocations=16 (full 4):
 PSYoungGen      total 481280K, used 438272K [0x00000000e0000000, 0x0000000100000000, 0x0000000100000000)
  eden space 438272K, 100% used [0x00000000e0000000,0x00000000fac00000,0x00000000fac00000)
  from space 43008K, 0% used [0x00000000fac00000,0x00000000fac00000,0x00000000fd600000)
  to   space 41984K, 0% used [0x00000000fd700000,0x00000000fd700000,0x0000000100000000)
 ParOldGen       total 146432K, used 48091K [0x00000000a0000000, 0x00000000a8f00000, 0x00000000e0000000)
  object space 146432K, 32% used [0x00000000a0000000,0x00000000a2ef6cc0,0x00000000a8f00000)
 Metaspace       used 86157K, capacity 90051K, committed 90328K, reserved 1128448K
  class space    used 11165K, capacity 11933K, committed 12032K, reserved 1048576K
Event: 1972.674 GC heap after
Heap after GC invocations=16 (full 4):
 PSYoungGen      total 475136K, used 15857K [0x00000000e0000000, 0x00000000ffa00000, 0x0000000100000000)
  eden space 439296K, 0% used [0x00000000e0000000,0x00000000e0000000,0x00000000fad00000)
  from space 35840K, 44% used [0x00000000fd700000,0x00000000fe67c4b8,0x00000000ffa00000)
  to   space 39424K, 0% used [0x00000000fad00000,0x00000000fad00000,0x00000000fd380000)
 ParOldGen       total 146432K, used 48099K [0x00000000a0000000, 0x00000000a8f00000, 0x00000000e0000000)
  object space 146432K, 32% used [0x00000000a0000000,0x00000000a2ef8cc0,0x00000000a8f00000)
 Metaspace       used 86157K, capacity 90051K, committed 90328K, reserved 1128448K
  class space    used 11165K, capacity 11933K, committed 12032K, reserved 1048576K
}
Event: 2798.647 GC heap before
{Heap before GC invocations=17 (full 4):
 PSYoungGen      total 475136K, used 455153K [0x00000000e0000000, 0x00000000ffa00000, 0x0000000100000000)
  eden space 439296K, 100% used [0x00000000e0000000,0x00000000fad00000,0x00000000fad00000)
  from space 35840K, 44% used [0x00000000fd700000,0x00000000fe67c4b8,0x00000000ffa00000)
  to   space 39424K, 0% used [0x00000000fad00000,0x00000000fad00000,0x00000000fd380000)
 ParOldGen       total 146432K, used 48099K [0x00000000a0000000, 0x00000000a8f00000, 0x00000000e0000000)
  object space 146432K, 32% used [0x00000000a0000000,0x00000000a2ef8cc0,0x00000000a8f00000)
 Metaspace       used 86999K, capacity 91373K, committed 91480K, reserved 1128448K
  class space    used 11248K, capacity 12064K, committed 12160K, reserved 1048576K
Event: 2798.660 GC heap after
Heap after GC invocations=17 (full 4):
 PSYoungGen      total 478720K, used 8049K [0x00000000e0000000, 0x0000000100000000, 0x0000000100000000)
  eden space 439296K, 0% used [0x00000000e0000000,0x00000000e0000000,0x00000000fad00000)
  from space 39424K, 20% used [0x00000000fad00000,0x00000000fb4dc4a8,0x00000000fd380000)
  to   space 38912K, 0% used [0x00000000fda00000,0x00000000fda00000,0x0000000100000000)
 ParOldGen       total 146432K, used 49214K [0x00000000a0000000, 0x00000000a8f00000, 0x00000000e0000000)
  object space 146432K, 33% used [0x00000000a0000000,0x00000000a300f898,0x00000000a8f00000)
 Metaspace       used 86999K, capacity 91373K, committed 91480K, reserved 1128448K
  class space    used 11248K, capacity 12064K, committed 12160K, reserved 1048576K
}
Event: 3105.341 GC heap before
{Heap before GC invocations=18 (full 4):
 PSYoungGen      total 478720K, used 447345K [0x00000000e0000000, 0x0000000100000000, 0x0000000100000000)
  eden space 439296K, 100% used [0x00000000e0000000,0x00000000fad00000,0x00000000fad00000)
  from space 39424K, 20% used [0x00000000fad00000,0x00000000fb4dc4a8,0x00000000fd380000)
  to   space 38912K, 0% used [0x00000000fda00000,0x00000000fda00000,0x0000000100000000)
 ParOldGen       total 146432K, used 49214K [0x00000000a0000000, 0x00000000a8f00000, 0x00000000e0000000)
  object space 146432K, 33% used [0x00000000a0000000,0x00000000a300f898,0x00000000a8f00000)
 Metaspace       used 90327K, capacity 95373K, committed 95576K, reserved 1132544K
  class space    used 11693K, capacity 12636K, committed 12672K, reserved 1048576K
Event: 3105.374 GC heap after
Heap after GC invocations=18 (full 4):
 PSYoungGen      total 480256K, used 15150K [0x00000000e0000000, 0x00000000ffb80000, 0x0000000100000000)
  eden space 445952K, 0% used [0x00000000e0000000,0x00000000e0000000,0x00000000fb380000)
  from space 34304K, 44% used [0x00000000fda00000,0x00000000fe8cb808,0x00000000ffb80000)
  to   space 36864K, 0% used [0x00000000fb380000,0x00000000fb380000,0x00000000fd780000)
 ParOldGen       total 146432K, used 49222K [0x00000000a0000000, 0x00000000a8f00000, 0x00000000e0000000)
  object space 146432K, 33% used [0x00000000a0000000,0x00000000a3011898,0x00000000a8f00000)
 Metaspace       used 90327K, capacity 95373K, committed 95576K, reserved 1132544K
  class space    used 11693K, capacity 12636K, committed 12672K, reserved 1048576K
}
Event: 5216.937 GC heap before
{Heap before GC invocations=19 (full 4):
 PSYoungGen      total 480256K, used 461102K [0x00000000e0000000, 0x00000000ffb80000, 0x0000000100000000)
  eden space 445952K, 100% used [0x00000000e0000000,0x00000000fb380000,0x00000000fb380000)
  from space 34304K, 44% used [0x00000000fda00000,0x00000000fe8cb808,0x00000000ffb80000)
  to   space 36864K, 0% used [0x00000000fb380000,0x00000000fb380000,0x00000000fd780000)
 ParOldGen       total 146432K, used 49222K [0x00000000a0000000, 0x00000000a8f00000, 0x00000000e0000000)
  object space 146432K, 33% used [0x00000000a0000000,0x00000000a3011898,0x00000000a8f00000)
 Metaspace       used 93828K, capacity 98889K, committed 99032K, reserved 1134592K
  class space    used 12036K, capacity 12964K, committed 13056K, reserved 1048576K
Event: 5216.955 GC heap after
Heap after GC invocations=19 (full 4):
 PSYoungGen      total 482816K, used 10800K [0x00000000e0000000, 0x00000000fff80000, 0x0000000100000000)
  eden space 445952K, 0% used [0x00000000e0000000,0x00000000e0000000,0x00000000fb380000)
  from space 36864K, 29% used [0x00000000fb380000,0x00000000fbe0c020,0x00000000fd780000)
  to   space 35328K, 0% used [0x00000000fdd00000,0x00000000fdd00000,0x00000000fff80000)
 ParOldGen       total 146432K, used 49230K [0x00000000a0000000, 0x00000000a8f00000, 0x00000000e0000000)
  object space 146432K, 33% used [0x00000000a0000000,0x00000000a3013898,0x00000000a8f00000)
 Metaspace       used 93828K, capacity 98889K, committed 99032K, reserved 1134592K
  class space    used 12036K, capacity 12964K, committed 13056K, reserved 1048576K
}

